2025-05-12T17:41:15.578+02:00  INFO 23492 --- [legacy-hospital-system] [main] sae.semestre.six.DemoApplicationTests    : Starting DemoApplicationTests using Java 17.0.15 with PID 23492 (started by clement.denamiel in Z:\sae\s6\SAE-S6\legacy-software)
2025-05-12T17:41:15.596+02:00 DEBUG 23492 --- [legacy-hospital-system] [main] sae.semestre.six.DemoApplicationTests    : Running with Spring Boot v3.4.4, Spring v6.2.5
2025-05-12T17:41:15.597+02:00  INFO 23492 --- [legacy-hospital-system] [main] sae.semestre.six.DemoApplicationTests    : No active profile set, falling back to 1 default profile: "default"
2025-05-12T17:41:17.455+02:00  INFO 23492 --- [legacy-hospital-system] [main] .s.d.r.c.RepositoryConfigurationDelegate : Bootstrapping Spring Data JPA repositories in DEFAULT mode.
2025-05-12T17:41:17.583+02:00  INFO 23492 --- [legacy-hospital-system] [main] .s.d.r.c.RepositoryConfigurationDelegate : Finished Spring Data repository scanning in 100 ms. Found 0 JPA repository interfaces.
2025-05-12T17:41:18.253+02:00  INFO 23492 --- [legacy-hospital-system] [main] com.zaxxer.hikari.HikariDataSource       : HikariPool-1 - Starting...
2025-05-12T17:41:18.870+02:00  INFO 23492 --- [legacy-hospital-system] [main] com.zaxxer.hikari.pool.HikariPool        : HikariPool-1 - Added connection com.mysql.cj.jdbc.ConnectionImpl@6baf25d7
2025-05-12T17:41:18.877+02:00  INFO 23492 --- [legacy-hospital-system] [main] com.zaxxer.hikari.HikariDataSource       : HikariPool-1 - Start completed.
2025-05-12T17:41:19.232+02:00  INFO 23492 --- [legacy-hospital-system] [main] o.hibernate.jpa.internal.util.LogHelper  : HHH000204: Processing PersistenceUnitInfo [name: default]
2025-05-12T17:41:19.548+02:00  INFO 23492 --- [legacy-hospital-system] [main] org.hibernate.Version                    : HHH000412: Hibernate ORM core version 6.6.12.Final
2025-05-12T17:41:19.697+02:00  INFO 23492 --- [legacy-hospital-system] [main] o.h.c.internal.RegionFactoryInitiator    : HHH000026: Second-level cache disabled
2025-05-12T17:41:21.342+02:00  INFO 23492 --- [legacy-hospital-system] [main] o.s.o.j.p.SpringPersistenceUnitInfo      : No LoadTimeWeaver setup: ignoring JPA class transformer
2025-05-12T17:41:21.622+02:00  WARN 23492 --- [legacy-hospital-system] [main] org.hibernate.dialect.Dialect            : HHH000511: The 5.7.44 version for [org.hibernate.dialect.MySQLDialect] is no longer supported, hence certain features may not work properly. The minimum supported version is 8.0.0. Check the community dialects project for available legacy versions.
2025-05-12T17:41:21.695+02:00  INFO 23492 --- [legacy-hospital-system] [main] org.hibernate.orm.connections.pooling    : HHH10001005: Database info:
	Database JDBC URL [Connecting through datasource 'HikariDataSource (HikariPool-1)']
	Database driver: undefined/unknown
	Database version: 5.7.44
	Autocommit mode: undefined/unknown
	Isolation level: undefined/unknown
	Minimum pool size: undefined/unknown
	Maximum pool size: undefined/unknown
2025-05-12T17:41:25.335+02:00  INFO 23492 --- [legacy-hospital-system] [main] o.h.e.t.j.p.i.JtaPlatformInitiator       : HHH000489: No JTA platform available (set 'hibernate.transaction.jta.platform' to enable JTA platform integration)
2025-05-12T17:41:25.345+02:00  INFO 23492 --- [legacy-hospital-system] [main] j.LocalContainerEntityManagerFactoryBean : Initialized JPA EntityManagerFactory for persistence unit 'default'
2025-05-12T17:41:26.101+02:00  WARN 23492 --- [legacy-hospital-system] [main] JpaBaseConfiguration$JpaWebConfiguration : spring.jpa.open-in-view is enabled by default. Therefore, database queries may be performed during view rendering. Explicitly configure spring.jpa.open-in-view to disable this warning
2025-05-12T17:41:27.074+02:00  INFO 23492 --- [legacy-hospital-system] [main] sae.semestre.six.DemoApplicationTests    : Started DemoApplicationTests in 12.358 seconds (process running for 18.757)
2025-05-12T17:41:27.874+02:00  INFO 23492 --- [legacy-hospital-system] [SpringApplicationShutdownHook] j.LocalContainerEntityManagerFactoryBean : Closing JPA EntityManagerFactory for persistence unit 'default'
2025-05-12T17:41:27.877+02:00  INFO 23492 --- [legacy-hospital-system] [SpringApplicationShutdownHook] com.zaxxer.hikari.HikariDataSource       : HikariPool-1 - Shutdown initiated...
2025-05-12T17:41:27.886+02:00  INFO 23492 --- [legacy-hospital-system] [SpringApplicationShutdownHook] com.zaxxer.hikari.HikariDataSource       : HikariPool-1 - Shutdown completed.
2025-05-12T17:42:02.496+02:00  INFO 17032 --- [legacy-hospital-system] [main] sae.semestre.six.DemoApplicationTests    : Starting DemoApplicationTests using Java 17.0.15 with PID 17032 (started by clement.denamiel in Z:\sae\s6\SAE-S6\legacy-software)
2025-05-12T17:42:02.498+02:00 DEBUG 17032 --- [legacy-hospital-system] [main] sae.semestre.six.DemoApplicationTests    : Running with Spring Boot v3.4.4, Spring v6.2.5
2025-05-12T17:42:02.499+02:00  INFO 17032 --- [legacy-hospital-system] [main] sae.semestre.six.DemoApplicationTests    : No active profile set, falling back to 1 default profile: "default"
2025-05-12T17:42:04.472+02:00  INFO 17032 --- [legacy-hospital-system] [main] .s.d.r.c.RepositoryConfigurationDelegate : Bootstrapping Spring Data JPA repositories in DEFAULT mode.
2025-05-12T17:42:04.613+02:00  INFO 17032 --- [legacy-hospital-system] [main] .s.d.r.c.RepositoryConfigurationDelegate : Finished Spring Data repository scanning in 108 ms. Found 0 JPA repository interfaces.
2025-05-12T17:42:05.313+02:00  INFO 17032 --- [legacy-hospital-system] [main] com.zaxxer.hikari.HikariDataSource       : HikariPool-1 - Starting...
2025-05-12T17:42:05.759+02:00  INFO 17032 --- [legacy-hospital-system] [main] com.zaxxer.hikari.pool.HikariPool        : HikariPool-1 - Added connection com.mysql.cj.jdbc.ConnectionImpl@1b01a0d
2025-05-12T17:42:05.764+02:00  INFO 17032 --- [legacy-hospital-system] [main] com.zaxxer.hikari.HikariDataSource       : HikariPool-1 - Start completed.
2025-05-12T17:42:06.223+02:00  INFO 17032 --- [legacy-hospital-system] [main] o.hibernate.jpa.internal.util.LogHelper  : HHH000204: Processing PersistenceUnitInfo [name: default]
2025-05-12T17:42:06.545+02:00  INFO 17032 --- [legacy-hospital-system] [main] org.hibernate.Version                    : HHH000412: Hibernate ORM core version 6.6.12.Final
2025-05-12T17:42:06.690+02:00  INFO 17032 --- [legacy-hospital-system] [main] o.h.c.internal.RegionFactoryInitiator    : HHH000026: Second-level cache disabled
2025-05-12T17:42:08.005+02:00  INFO 17032 --- [legacy-hospital-system] [main] o.s.o.j.p.SpringPersistenceUnitInfo      : No LoadTimeWeaver setup: ignoring JPA class transformer
2025-05-12T17:42:08.289+02:00  WARN 17032 --- [legacy-hospital-system] [main] org.hibernate.dialect.Dialect            : HHH000511: The 5.7.44 version for [org.hibernate.dialect.MySQLDialect] is no longer supported, hence certain features may not work properly. The minimum supported version is 8.0.0. Check the community dialects project for available legacy versions.
2025-05-12T17:42:08.365+02:00  INFO 17032 --- [legacy-hospital-system] [main] org.hibernate.orm.connections.pooling    : HHH10001005: Database info:
	Database JDBC URL [Connecting through datasource 'HikariDataSource (HikariPool-1)']
	Database driver: undefined/unknown
	Database version: 5.7.44
	Autocommit mode: undefined/unknown
	Isolation level: undefined/unknown
	Minimum pool size: undefined/unknown
	Maximum pool size: undefined/unknown
2025-05-12T17:42:11.830+02:00  INFO 17032 --- [legacy-hospital-system] [main] o.h.e.t.j.p.i.JtaPlatformInitiator       : HHH000489: No JTA platform available (set 'hibernate.transaction.jta.platform' to enable JTA platform integration)
2025-05-12T17:42:11.842+02:00  INFO 17032 --- [legacy-hospital-system] [main] j.LocalContainerEntityManagerFactoryBean : Initialized JPA EntityManagerFactory for persistence unit 'default'
2025-05-12T17:42:12.570+02:00  WARN 17032 --- [legacy-hospital-system] [main] JpaBaseConfiguration$JpaWebConfiguration : spring.jpa.open-in-view is enabled by default. Therefore, database queries may be performed during view rendering. Explicitly configure spring.jpa.open-in-view to disable this warning
2025-05-12T17:42:13.597+02:00  INFO 17032 --- [legacy-hospital-system] [main] sae.semestre.six.DemoApplicationTests    : Started DemoApplicationTests in 12.057 seconds (process running for 17.633)
2025-05-12T17:42:14.868+02:00  INFO 17032 --- [legacy-hospital-system] [SpringApplicationShutdownHook] j.LocalContainerEntityManagerFactoryBean : Closing JPA EntityManagerFactory for persistence unit 'default'
2025-05-12T17:42:14.872+02:00  INFO 17032 --- [legacy-hospital-system] [SpringApplicationShutdownHook] com.zaxxer.hikari.HikariDataSource       : HikariPool-1 - Shutdown initiated...
2025-05-12T17:42:14.883+02:00  INFO 17032 --- [legacy-hospital-system] [SpringApplicationShutdownHook] com.zaxxer.hikari.HikariDataSource       : HikariPool-1 - Shutdown completed.
